git clone -n _ --depth 1  [vea-wrk-calc-space-occupancy]
git clone -n _ --depth 1  [vea-ftp-output-worker]
git clone -n _ --depth 1  [vea-ftp-output-worker-vanilla]
git clone -n _ --depth 1  [vea-wrk-calc-safe-space-line-counts]
git clone -n _ --depth 1  [vea-wrk-safe-space-auto-resets]
git clone -n _ --depth 1  [safespace-mobile]
git clone -n _ --depth 1  [auth-client]
git clone -n _ --depth 1  [timeclock-client]
git clone -n _ --depth 1  [facility-client]
git clone -n _ --depth 1  [device-wrk-device-sync-xovis]
git clone -n _ --depth 1  [device-wrk-config-sync-xovis]
git clone -n _ --depth 1  [device-svc-device-sdk]
git clone -n _ --depth 1  [device-svc-device]
git clone -n _ --depth 1  [device-wrk-status-check-xovis]
git clone -n _ --depth 1  [facility-meta-api-sdk]
git clone -n _ --depth 1  [device-wrk-interfaces]
git clone -n _ --depth 1  [parse-xovis-status]
git clone -n _ --depth 1  [fuzzy-search]
git clone -n _ --depth 1  [xovis-sensor-api-sdk]
git clone -n _ --depth 1  [devices]
git clone -n _ --depth 1  [facility-meta-api]
git clone -n _ --depth 1  [device-wrk-ibex-unmanaged-mover]
git clone -n _ --depth 1  [device-wrk-image-sync-xovis]
git clone -n _ --depth 1  [vea-wrk-calc-expected-wait-time]
git clone -n _ --depth 1  [event-store]
git clone -n _ --depth 1  [device-svc-event-sdk]
git clone -n _ --depth 1  [device-svc-event]
git clone -n _ --depth 1  [timeclock-api]
git clone -n _ --depth 1  [timeclock-api-sdk]
git clone -n _ --depth 1  [deliv-svc-delivery-sdk]
git clone -n _ --depth 1  [rpt-svc-report-generation-sdk]
git clone -n _ --depth 1  [rpt-report-schedule-api-sdk]
git clone -n _ --depth 1  [dgw-interfaces]
git clone -n _ --depth 1  [dgw-svc-egress-sdk]
git clone -n _ --depth 1  [auth-svc-auth-api]
git clone -n _ --depth 1  [device-wrk-disable-data-push-xovis]
git clone -n _ --depth 1  [auth-svc-auth-verify]
git clone -n _ --depth 1  [auth-svc-auth-sdk]
git clone -n _ --depth 1  [ts-grpc-server]
git clone -n _ --depth 1  [vea-wrk-calc-visit-duration-daily]
git clone -n _ --depth 1  [ts-grpc-toolkit]
git clone -n _ --depth 1  [ms-ts-toolkit]
git clone -n _ --depth 1  [constants]
git clone -n _ --depth 1  [wildebeest]
git clone -n _ --depth 1  [device-wrk-event-handler]
git clone -n _ --depth 1  [entity-interfaces]
git clone -n _ --depth 1  [vea-query-builder]
git clone -n _ --depth 1  [relative-dates]
git clone -n _ --depth 1  [pg]
git clone -n _ --depth 1  [env-vars]
git clone -n _ --depth 1  [deliv-svc-delivery]
git clone -n _ --depth 1  [rpt-svc-report-generation]
git clone -n _ --depth 1  [dgw-svc-egress]
git clone -n _ --depth 1  [dgw-svc-parse-xovis-zone-counts]
git clone -n _ --depth 1  [dgw-svc-parse-xovis-zone-occupancy]
git clone -n _ --depth 1  [dgw-svc-parse-xovis-zone-dwell]
git clone -n _ --depth 1  [dgw-svc-parse-brickstream-batch]
git clone -n _ --depth 1  [dgw-svc-parse-xovis-status]
git clone -n _ --depth 1  [dgw-svc-parse-xovis-line]
git clone -n _ --depth 1  [dgw-svc-queue]
git clone -n _ --depth 1  [deliv-wrk-email-delivery]
git clone -n _ --depth 1  [deliv-wrk-webhook-delivery]
git clone -n _ --depth 1  [deliv-wrk-sms-delivery]
git clone -n _ --depth 1  [dgw-wrk-insert-line-counts]
git clone -n _ --depth 1  [xovis-api-cli]
git clone -n _ --depth 1  [dgw-wrk-insert-service-stats]
git clone -n _ --depth 1  [dgw-wrk-insert-zone-occupancy]
git clone -n _ --depth 1  [dgw-wrk-insert-queue-stats]
git clone -n _ --depth 1  [dgw-wrk-insert-zone-dwell]
git clone -n _ --depth 1  [dgw-wrk-insert-zone-counts]
git clone -n _ --depth 1  [facility-wrk-retrieve-line-counts]
git clone -n _ --depth 1  [device-wrk-device-integration-xovis]
git clone -n _ --depth 1  [facility-wrk-retrieve-queue-stats]
git clone -n _ --depth 1  [facility-wrk-retrieve-service-stats]
git clone -n _ --depth 1  [facility-wrk-retrieve-zone-dwell]
git clone -n _ --depth 1  [facility-wrk-retrieve-zone-occupancy]
git clone -n _ --depth 1  [facility-wrk-retrieve-zone-counts]
git clone -n _ --depth 1  [facility-wrk-calc-occupancy]
git clone -n _ --depth 1  [rpt-wrk-generate-csv-report]
git clone -n _ --depth 1  [rpt-wrk-report-processor]
git clone -n _ --depth 1  [rpt-wrk-scheduler-monitor]
git clone -n _ --depth 1  [rpt-wrk-generate-pdf-report]
git clone -n _ --depth 1  [dgw-api-gateway]
git clone -n _ --depth 1  [rpt-report-schedule-api]
git clone -n _ --depth 1  [koa-setup]
git clone -n _ --depth 1  [angular-common]
git clone -n _ --depth 1  [auth-angular-sdk]
git clone -n _ --depth 1  [pg-bulk-insert]
git clone -n _ --depth 1  [dgw-svc-parse-delopt-line]
git clone -n _ --depth 1  [vea-wrk-forecast-count-data]
git clone -n _ --depth 1  [queue-optimizer-mobile]
git clone -n _ --depth 1  [vea-wrk-debug-offline-zone]
git clone -n _ --depth 1  [fleet-api]
git clone -n _ --depth 1  [fleet-api-sdk]
git clone -n _ --depth 1  [fleet-client]
git clone -n _ --depth 1  [event-store-sdk]
git clone -n _ --depth 1  [validation]
git clone -n _ --depth 1  [hella-sensor-api-sdk]
git clone -n _ --depth 1  [device-wrk-device-sync-hella]
git clone -n _ --depth 1  [device-wrk-status-check-hella]
git clone -n _ --depth 1  [device-wrk-image-sync-hella]
git clone -n _ --depth 1  [device-wrk-device-health]
git clone -n _ --depth 1  [vea-wrk-generate-pdf-report]
git clone -n _ --depth 1  [device-wrk-heatmap-sync-xovis]
git clone -n _ --depth 1  [urls]
git clone -n _ --depth 1  [api]
git clone -n _ --depth 1  [eslint-config]
git clone -n _ --depth 1  [eslint-config-typescript]
git clone -n _ --depth 1  [eslint-config-angular]
git clone -n _ --depth 1  [xovis5-sensor-api-sdk]
git clone -n _ --depth 1  [dhcp-api-sdk]
git clone -n _ --depth 1  [dhcp-api]
*** Processed 130 total repositories ***
git checkout HEAD package.json [event-store]
git checkout HEAD package.json [dgw-svc-egress-sdk]
git checkout HEAD package.json [ts-grpc-server]
git checkout HEAD package.json [device-svc-event-sdk]
git checkout HEAD package.json [deliv-svc-delivery-sdk]
git checkout HEAD package.json [device-wrk-interfaces]
git checkout HEAD package.json [rpt-svc-report-generation-sdk]
git checkout HEAD package.json [vea-wrk-calc-safe-space-line-counts]
git checkout HEAD package.json [parse-xovis-status]
git checkout HEAD package.json [device-wrk-event-handler]
git checkout HEAD package.json [fuzzy-search]
git checkout HEAD package.json [rpt-report-schedule-api-sdk]
git checkout HEAD package.json [auth-client]
git checkout HEAD package.json [dgw-interfaces]
git checkout HEAD package.json [vea-wrk-calc-expected-wait-time]
git checkout HEAD package.json [auth-svc-auth-api]
git checkout HEAD package.json [device-wrk-ibex-unmanaged-mover]
git checkout HEAD package.json [facility-meta-api]
git checkout HEAD package.json [device-wrk-image-sync-xovis]
git checkout HEAD package.json [relative-dates]
git checkout HEAD package.json [timeclock-client]
git checkout HEAD package.json [facility-meta-api-sdk]
git checkout HEAD package.json [vea-ftp-output-worker-vanilla]
git checkout HEAD package.json [vea-ftp-output-worker]
git checkout HEAD package.json [device-wrk-status-check-xovis]
git checkout HEAD package.json [constants]
git checkout HEAD package.json [device-svc-device-sdk]
git checkout HEAD package.json [timeclock-api-sdk]
git checkout HEAD package.json [xovis-sensor-api-sdk]
git checkout HEAD package.json [ts-grpc-toolkit]
git checkout HEAD package.json [device-wrk-disable-data-push-xovis]
git checkout HEAD package.json [device-svc-event]
git checkout HEAD package.json [vea-wrk-calc-space-occupancy]
git checkout HEAD package.json [ms-ts-toolkit]
git checkout HEAD package.json [device-wrk-device-sync-xovis]
git checkout HEAD package.json [vea-wrk-safe-space-auto-resets]
git checkout HEAD package.json [timeclock-api]
git checkout HEAD package.json [auth-svc-auth-sdk]
git checkout HEAD package.json [device-svc-device]
git checkout HEAD package.json [device-wrk-config-sync-xovis]
git checkout HEAD package.json [auth-svc-auth-verify]
git checkout HEAD package.json [facility-client]
git checkout HEAD package.json [wildebeest]
git checkout HEAD package.json [vea-wrk-calc-visit-duration-daily]
git checkout HEAD package.json [safespace-mobile]
git checkout HEAD package.json [dgw-svc-parse-xovis-line]
git checkout HEAD package.json [device-wrk-device-health]
git checkout HEAD package.json [deliv-svc-delivery]
git checkout HEAD package.json [device-wrk-image-sync-hella]
git checkout HEAD package.json [angular-common]
git checkout HEAD package.json [dgw-svc-parse-xovis-status]
git checkout HEAD package.json [eslint-config-typescript]
git checkout HEAD package.json [deliv-wrk-webhook-delivery]
git checkout HEAD package.json [dgw-svc-parse-xovis-zone-occupancy]
git checkout HEAD package.json [dgw-wrk-insert-zone-occupancy]
git checkout HEAD package.json [dgw-wrk-insert-queue-stats]
git checkout HEAD package.json [dgw-svc-parse-brickstream-batch]
git checkout HEAD package.json [dgw-wrk-insert-service-stats]
git checkout HEAD package.json [dhcp-api]
git checkout HEAD package.json [pg]
git checkout HEAD package.json [rpt-svc-report-generation]
git checkout HEAD package.json [device-wrk-heatmap-sync-xovis]
git checkout HEAD package.json [facility-wrk-retrieve-zone-counts]
git checkout HEAD package.json [facility-wrk-retrieve-zone-dwell]
git checkout HEAD package.json [api]
git checkout HEAD package.json [facility-wrk-retrieve-zone-occupancy]
git checkout HEAD package.json [vea-query-builder]
git checkout HEAD package.json [urls]
git checkout HEAD package.json [rpt-wrk-report-processor]
git checkout HEAD package.json [eslint-config]
git checkout HEAD package.json [dgw-api-gateway]
git checkout HEAD package.json [dhcp-api-sdk]
git checkout HEAD package.json [deliv-wrk-sms-delivery]
git checkout HEAD package.json [device-wrk-device-sync-hella]
git checkout HEAD package.json [validation]
git checkout HEAD package.json [eslint-config-angular]
git checkout HEAD package.json [facility-wrk-retrieve-queue-stats]
git checkout HEAD package.json [rpt-wrk-scheduler-monitor]
git checkout HEAD package.json [vea-wrk-generate-pdf-report]
git checkout HEAD package.json [pg-bulk-insert]
git checkout HEAD package.json [device-wrk-status-check-hella]
git checkout HEAD package.json [deliv-wrk-email-delivery]
git checkout HEAD package.json [fleet-api-sdk]
git checkout HEAD package.json [facility-wrk-calc-occupancy]
git checkout HEAD package.json [vea-wrk-debug-offline-zone]
git checkout HEAD package.json [env-vars]
git checkout HEAD package.json [rpt-wrk-generate-pdf-report]
git checkout HEAD package.json [dgw-wrk-insert-zone-dwell]
git checkout HEAD package.json [device-wrk-device-integration-xovis]
git checkout HEAD package.json [koa-setup]
git checkout HEAD package.json [dgw-wrk-insert-zone-counts]
git checkout HEAD package.json [fleet-client]
git checkout HEAD package.json [entity-interfaces]
git checkout HEAD package.json [facility-wrk-retrieve-service-stats]
git checkout HEAD package.json [dgw-svc-queue]
git checkout HEAD package.json [rpt-report-schedule-api]
git checkout HEAD package.json [rpt-wrk-generate-csv-report]
git checkout HEAD package.json [dgw-svc-parse-xovis-zone-dwell]
git checkout HEAD package.json [event-store-sdk]
git checkout HEAD package.json [xovis-api-cli]
git checkout HEAD package.json [facility-wrk-retrieve-line-counts]
git checkout HEAD package.json [dgw-wrk-insert-line-counts]
git checkout HEAD package.json [dgw-svc-parse-delopt-line]
git checkout HEAD package.json [vea-wrk-forecast-count-data]
git checkout HEAD package.json [dgw-svc-parse-xovis-zone-counts]
git checkout HEAD package.json [xovis5-sensor-api-sdk]
git checkout HEAD package.json [fleet-api]
git checkout HEAD package.json [dgw-svc-egress]
git checkout HEAD package.json [auth-angular-sdk]
git checkout HEAD package.json [hella-sensor-api-sdk]
git checkout HEAD package.json [queue-optimizer-mobile]
git checkout HEAD package.json [devices]
